<?xml version="1.0" encoding="UTF-8"?>
<testsuite name="com.example.myblog.service.UserServiceTest" tests="4" skipped="0" failures="0" errors="0" timestamp="2024-12-10T06:28:44" hostname="DESKTOP-CKRDV5H" time="1.175">
  <properties/>
  <testcase name="testRegisterUserSuccess()" classname="com.example.myblog.service.UserServiceTest" time="1.154"/>
  <testcase name="testRegisterUserUsernameExists()" classname="com.example.myblog.service.UserServiceTest" time="0.01"/>
  <testcase name="testRegisterUserEmptyPassword()" classname="com.example.myblog.service.UserServiceTest" time="0.003"/>
  <testcase name="testRegisterUserEmailExists()" classname="com.example.myblog.service.UserServiceTest" time="0.004"/>
  <system-out><![CDATA[]]></system-out>
  <system-err><![CDATA[]]></system-err>
</testsuite>
